<?xml version="1.0" encoding="UTF-8"?>
<testsuite xmlns:xsi="http://www.w3.org/2001/XMLSchema-instance" xsi:noNamespaceSchemaLocation="https://maven.apache.org/surefire/maven-surefire-plugin/xsd/surefire-test-report-3.0.xsd" version="3.0" name="com.fpedFIND.FindFpedApplicationTests" time="4.526" tests="1" errors="0" skipped="0" failures="0">
  <properties>
[...]
</properties>
  <testcase name="contextLoads" classname="com.fpedFIND.FindFpedApplicationTests" time="0.32">
    <system-out><![CDATA[16:24:13.044 [main] INFO org.springframework.test.context.support.AnnotationConfigContextLoaderUtils -- Could not detect default configuration classes for test class [com.fpedFIND.FindFpedApplicationTests]: FindFpedApplicationTests does not declare any static, non-private, non-final, nested classes annotated with @Configuration.
16:24:13.092 [main] INFO org.springframework.boot.test.context.SpringBootTestContextBootstrapper -- Found @SpringBootConfiguration com.fpedFIND.FindFpedApplication for test class com.fpedFIND.FindFpedApplicationTests
16:24:13.162 [main] INFO org.springframework.boot.devtools.restart.RestartApplicationListener -- Restart disabled due to context in which it is running
V2.0      ::::::::::     :::::::::::       ::::    :::       ::::::::: 
         :+:                :+:           :+:+:   :+:       :+:    :+: 
        +:+                +:+           :+:+:+  +:+       +:+    +:+  
       :#::+::#           +#+           +#+ +:+ +#+       +#+    +:+   
      +#+                +#+           +#+  +#+#+#       +#+    +#+    
     #+#                #+#           #+#   #+#+#       #+#    #+#     
    ###            ###########       ###    ####       #########    
2024-05-09T16:24:13.258+08:00  INFO 15774 --- [           main] com.fpedFIND.FindFpedApplicationTests    : Starting FindFpedApplicationTests using Java 21.0.2 with PID 15774 (started by marianolark in /Users/marianolark/Desktop/BACKEND GIT/backend)
2024-05-09T16:24:13.260+08:00  INFO 15774 --- [           main] com.fpedFIND.FindFpedApplicationTests    : No active profile set, falling back to 1 default profile: "default"
2024-05-09T16:24:13.550+08:00  INFO 15774 --- [           main] .s.d.r.c.RepositoryConfigurationDelegate : Bootstrapping Spring Data JPA repositories in DEFAULT mode.
2024-05-09T16:24:13.586+08:00  INFO 15774 --- [           main] .s.d.r.c.RepositoryConfigurationDelegate : Finished Spring Data repository scanning in 32 ms. Found 15 JPA repository interfaces.
2024-05-09T16:24:13.824+08:00  INFO 15774 --- [           main] o.hibernate.jpa.internal.util.LogHelper  : HHH000204: Processing PersistenceUnitInfo [name: default]
2024-05-09T16:24:13.850+08:00  INFO 15774 --- [           main] org.hibernate.Version                    : HHH000412: Hibernate ORM core version 6.4.4.Final
2024-05-09T16:24:13.863+08:00  INFO 15774 --- [           main] o.h.c.internal.RegionFactoryInitiator    : HHH000026: Second-level cache disabled
2024-05-09T16:24:13.968+08:00  INFO 15774 --- [           main] o.s.o.j.p.SpringPersistenceUnitInfo      : No LoadTimeWeaver setup: ignoring JPA class transformer
2024-05-09T16:24:13.979+08:00  INFO 15774 --- [           main] com.zaxxer.hikari.HikariDataSource       : HikariPool-1 - Starting...
2024-05-09T16:24:14.126+08:00  INFO 15774 --- [           main] com.zaxxer.hikari.pool.HikariPool        : HikariPool-1 - Added connection com.mysql.cj.jdbc.ConnectionImpl@3688baab
2024-05-09T16:24:14.126+08:00  INFO 15774 --- [           main] com.zaxxer.hikari.HikariDataSource       : HikariPool-1 - Start completed.
2024-05-09T16:24:14.149+08:00  WARN 15774 --- [           main] org.hibernate.dialect.Dialect            : HHH000511: The 5.5.0 version for [org.hibernate.dialect.MySQLDialect] is no longer supported, hence certain features may not work properly. The minimum supported version is 8.0.0. Check the community dialects project for available legacy versions.
2024-05-09T16:24:14.152+08:00  WARN 15774 --- [           main] org.hibernate.orm.deprecation            : HHH90000025: MySQLDialect does not need to be specified explicitly using 'hibernate.dialect' (remove the property setting and it will be selected by default)
2024-05-09T16:24:14.596+08:00  INFO 15774 --- [           main] o.h.e.t.j.p.i.JtaPlatformInitiator       : HHH000489: No JTA platform available (set 'hibernate.transaction.jta.platform' to enable JTA platform integration)
2024-05-09T16:24:15.079+08:00  INFO 15774 --- [           main] j.LocalContainerEntityManagerFactoryBean : Initialized JPA EntityManagerFactory for persistence unit 'default'
2024-05-09T16:24:16.101+08:00  INFO 15774 --- [           main] o.s.d.j.r.query.QueryEnhancerFactory     : Hibernate is in classpath; If applicable, HQL parser will be used.
2024-05-09T16:24:16.773+08:00  WARN 15774 --- [           main] JpaBaseConfiguration$JpaWebConfiguration : spring.jpa.open-in-view is enabled by default. Therefore, database queries may be performed during view rendering. Explicitly configure spring.jpa.open-in-view to disable this warning
2024-05-09T16:24:16.941+08:00  INFO 15774 --- [           main] org.springframework.web.SimpLogging      : Starting...
2024-05-09T16:24:16.941+08:00  INFO 15774 --- [           main] org.springframework.web.SimpLogging      : BrokerAvailabilityEvent[available=true, SimpleBrokerMessageHandler [org.springframework.messaging.simp.broker.DefaultSubscriptionRegistry@588d2e90]]
2024-05-09T16:24:16.942+08:00  INFO 15774 --- [           main] org.springframework.web.SimpLogging      : Started.
2024-05-09T16:24:16.946+08:00  INFO 15774 --- [           main] com.fpedFIND.FindFpedApplicationTests    : Started FindFpedApplicationTests in 3.789 seconds (process running for 4.24)
]]></system-out>
    <system-err><![CDATA[WARNING: A Java agent has been loaded dynamically (/Users/marianolark/.m2/repository/net/bytebuddy/byte-buddy-agent/1.14.12/byte-buddy-agent-1.14.12.jar)
WARNING: If a serviceability tool is in use, please run with -XX:+EnableDynamicAgentLoading to hide this warning
WARNING: If a serviceability tool is not in use, please run with -Djdk.instrument.traceUsage for more information
WARNING: Dynamic loading of agents will be disallowed by default in a future release
]]></system-err>
  </testcase>
</testsuite>